# JRE version: OpenJDK Runtime Environment (11.0.12+7) (build 11.0.12+7-b1504.28-7817840)
# Java VM: OpenJDK 64-Bit Server VM (11.0.12+7-b1504.28-7817840, mixed mode, tiered, compressed oops, g1 gc, windows-amd64)
Heap:
 garbage-first heap   total 264192K, used 137137K [0x0000000080000000, 0x0000000100000000)
  region size 1024K, 31 young (31744K), 2 survivors (2048K)
 Metaspace       used 144209K, capacity 148625K, committed 149584K, reserved 1179648K
  class space    used 17721K, capacity 19363K, committed 19700K, reserved 1048576K
GC Heap History (20 events):
Event: 1516.948 GC heap before
{Heap before GC invocations=79 (full 0):
 garbage-first heap   total 264192K, used 140144K [0x0000000080000000, 0x0000000100000000)
  region size 1024K, 12 young (12288K), 7 survivors (7168K)
 Metaspace       used 144315K, capacity 149033K, committed 149328K, reserved 1179648K
  class space    used 17843K, capacity 19601K, committed 19700K, reserved 1048576K
}
Event: 1516.961 GC heap after
{Heap after GC invocations=80 (full 0):
 garbage-first heap   total 264192K, used 124797K [0x0000000080000000, 0x0000000100000000)
  region size 1024K, 2 young (2048K), 2 survivors (2048K)
 Metaspace       used 144315K, capacity 149033K, committed 149328K, reserved 1179648K
  class space    used 17843K, capacity 19601K, committed 19700K, reserved 1048576K
}
Event: 1517.421 GC heap before
{Heap before GC invocations=80 (full 0):
 garbage-first heap   total 264192K, used 156541K [0x0000000080000000, 0x0000000100000000)
  region size 1024K, 35 young (35840K), 2 survivors (2048K)
 Metaspace       used 144317K, capacity 149033K, committed 149328K, reserved 1179648K
  class space    used 17843K, capacity 19601K, committed 19700K, reserved 1048576K
}
Event: 1517.435 GC heap after
{Heap after GC invocations=81 (full 0):
 garbage-first heap   total 264192K, used 142008K [0x0000000080000000, 0x0000000100000000)
  region size 1024K, 8 young (8192K), 8 survivors (8192K)
 Metaspace       used 144317K, capacity 149033K, committed 149328K, reserved 1179648K
  class space    used 17843K, capacity 19601K, committed 19700K, reserved 1048576K
}
Event: 1519.844 GC heap before
{Heap before GC invocations=82 (full 0):
 garbage-first heap   total 264192K, used 207544K [0x0000000080000000, 0x0000000100000000)
  region size 1024K, 56 young (57344K), 8 survivors (8192K)
 Metaspace       used 144375K, capacity 149036K, committed 149328K, reserved 1179648K
  class space    used 17843K, capacity 19601K, committed 19700K, reserved 1048576K
}
Event: 1519.857 GC heap after
{Heap after GC invocations=83 (full 0):
 garbage-first heap   total 264192K, used 149504K [0x0000000080000000, 0x0000000100000000)
  region size 1024K, 7 young (7168K), 7 survivors (7168K)
 Metaspace       used 144375K, capacity 149036K, committed 149328K, reserved 1179648K
  class space    used 17843K, capacity 19601K, committed 19700K, reserved 1048576K
}
Event: 1519.863 GC heap before
{Heap before GC invocations=83 (full 0):
 garbage-first heap   total 264192K, used 153600K [0x0000000080000000, 0x0000000100000000)
  region size 1024K, 12 young (12288K), 7 survivors (7168K)
 Metaspace       used 144375K, capacity 149036K, committed 149328K, reserved 1179648K
  class space    used 17843K, capacity 19601K, committed 19700K, reserved 1048576K
}
Event: 1519.872 GC heap after
{Heap after GC invocations=84 (full 0):
 garbage-first heap   total 264192K, used 138650K [0x0000000080000000, 0x0000000100000000)
  region size 1024K, 1 young (1024K), 1 survivors (1024K)
 Metaspace       used 144375K, capacity 149036K, committed 149328K, reserved 1179648K
  class space    used 17843K, capacity 19601K, committed 19700K, reserved 1048576K
}
Event: 1520.136 GC heap before
{Heap before GC invocations=84 (full 0):
 garbage-first heap   total 264192K, used 167322K [0x0000000080000000, 0x0000000100000000)
  region size 1024K, 31 young (31744K), 1 survivors (1024K)
 Metaspace       used 144396K, capacity 149115K, committed 149328K, reserved 1179648K
  class space    used 17843K, capacity 19601K, committed 19700K, reserved 1048576K
}
Event: 1520.141 GC heap after
{Heap after GC invocations=85 (full 0):
 garbage-first heap   total 264192K, used 139143K [0x0000000080000000, 0x0000000100000000)
  region size 1024K, 2 young (2048K), 2 survivors (2048K)
 Metaspace       used 144396K, capacity 149115K, committed 149328K, reserved 1179648K
  class space    used 17843K, capacity 19601K, committed 19700K, reserved 1048576K
}
Event: 2179.827 GC heap before
{Heap before GC invocations=86 (full 0):
 garbage-first heap   total 264192K, used 206317K [0x0000000080000000, 0x0000000100000000)
  region size 1024K, 58 young (59392K), 2 survivors (2048K)
 Metaspace       used 144472K, capacity 149180K, committed 149328K, reserved 1179648K
  class space    used 17844K, capacity 19601K, committed 19700K, reserved 1048576K
}
Event: 2179.835 GC heap after
{Heap after GC invocations=87 (full 0):
 garbage-first heap   total 264192K, used 128709K [0x0000000080000000, 0x0000000100000000)
  region size 1024K, 6 young (6144K), 6 survivors (6144K)
 Metaspace       used 144472K, capacity 149180K, committed 149328K, reserved 1179648K
  class space    used 17844K, capacity 19601K, committed 19700K, reserved 1048576K
}
Event: 2179.928 GC heap before
{Heap before GC invocations=87 (full 0):
 garbage-first heap   total 264192K, used 134853K [0x0000000080000000, 0x0000000100000000)
  region size 1024K, 12 young (12288K), 6 survivors (6144K)
 Metaspace       used 144497K, capacity 149181K, committed 149328K, reserved 1179648K
  class space    used 17844K, capacity 19601K, committed 19700K, reserved 1048576K
}
Event: 2179.934 GC heap after
{Heap after GC invocations=88 (full 0):
 garbage-first heap   total 264192K, used 120093K [0x0000000080000000, 0x0000000100000000)
  region size 1024K, 2 young (2048K), 2 survivors (2048K)
 Metaspace       used 144497K, capacity 149181K, committed 149328K, reserved 1179648K
  class space    used 17844K, capacity 19601K, committed 19700K, reserved 1048576K
}
Event: 2179.981 GC heap before
{Heap before GC invocations=88 (full 0):
 garbage-first heap   total 264192K, used 129309K [0x0000000080000000, 0x0000000100000000)
  region size 1024K, 13 young (13312K), 2 survivors (2048K)
 Metaspace       used 144509K, capacity 149181K, committed 149328K, reserved 1179648K
  class space    used 17844K, capacity 19601K, committed 19700K, reserved 1048576K
}
Event: 2179.988 GC heap after
{Heap after GC invocations=89 (full 0):
 garbage-first heap   total 264192K, used 120669K [0x0000000080000000, 0x0000000100000000)
  region size 1024K, 2 young (2048K), 2 survivors (2048K)
 Metaspace       used 144509K, capacity 149181K, committed 149328K, reserved 1179648K
  class space    used 17844K, capacity 19601K, committed 19700K, reserved 1048576K
}
Event: 2182.194 GC heap before
{Heap before GC invocations=90 (full 0):
 garbage-first heap   total 264192K, used 214877K [0x0000000080000000, 0x0000000100000000)
  region size 1024K, 76 young (77824K), 2 survivors (2048K)
 Metaspace       used 144197K, capacity 148625K, committed 149584K, reserved 1179648K
  class space    used 17721K, capacity 19363K, committed 19700K, reserved 1048576K
}
Event: 2182.202 GC heap after
{Heap after GC invocations=91 (full 0):
 garbage-first heap   total 264192K, used 125526K [0x0000000080000000, 0x0000000100000000)
  region size 1024K, 7 young (7168K), 7 survivors (7168K)
 Metaspace       used 144197K, capacity 148625K, committed 149584K, reserved 1179648K
  class space    used 17721K, capacity 19363K, committed 19700K, reserved 1048576K
}
Event: 2182.209 GC heap before
{Heap before GC invocations=91 (full 0):
 garbage-first heap   total 264192K, used 130646K [0x0000000080000000, 0x0000000100000000)
  region size 1024K, 12 young (12288K), 7 survivors (7168K)
 Metaspace       used 144197K, capacity 148625K, committed 149584K, reserved 1179648K
  class space    used 17721K, capacity 19363K, committed 19700K, reserved 1048576K
}
Event: 2182.224 GC heap after
{Heap after GC invocations=92 (full 0):
 garbage-first heap   total 264192K, used 108465K [0x0000000080000000, 0x0000000100000000)
  region size 1024K, 2 young (2048K), 2 survivors (2048K)
 Metaspace       used 144197K, capacity 148625K, committed 149584K, reserved 1179648K
  class space    used 17721K, capacity 19363K, committed 19700K, reserved 1048576K
}

